<?xml version="1.0" encoding="UTF-8"?>
<!-- Generated by org.testng.reporters.JUnitXMLReporter -->
<testsuite ignored="0" hostname="DESKTOP-6QCP0R9" failures="0" tests="13" name="test" time="116.883" errors="0" timestamp="2023-08-16T15:23:05 IST">
  <testcase classname="TestLayer.Loginpagefunctionality" name="validateloginpage" time="0.801"/>
  <testcase classname="TestLayer.Homepagetest" name="validatehomepagetitle" time="0.051"/>
  <testcase classname="TestLayer.Homepagetest" name="validatehomepageurl" time="0.042"/>
  <testcase classname="TestLayer.Contactpagetest" name="validateNewContactFunctionality" time="15.702"/>
  <testcase classname="TestLayer.Contactpagetest" name="validateNewContactFunctionality" time="10.92"/>
  <testcase classname="TestLayer.Contactpagetest" name="validateNewContactFunctionality" time="8.809"/>
  <testcase classname="TestLayer.Contactpagetest" name="validateNewContactFunctionality" time="8.778"/>
  <testcase classname="TestLayer.Contactpagetest" name="validateNewContactFunctionality" time="8.629"/>
  <testcase classname="TestLayer.Contactpagetest" name="validateNewContactFunctionality" time="12.629"/>
  <testcase classname="TestLayer.Contactpagetest" name="validateNewContactFunctionality" time="7.879"/>
  <testcase classname="TestLayer.Contactpagetest" name="validateNewContactFunctionality" time="7.929"/>
  <testcase classname="TestLayer.Contactpagetest" name="validateNewContactFunctionality" time="7.833"/>
  <testcase classname="TestLayer.Contactpagetest" name="validateNewContactFunctionality" time="7.802"/>
</testsuite> <!-- test -->
